---------------------------------------------------------------
[ 2020-08-04T17:20:11+08:00 ] 172.17.218.65 GET 33319fi637.qicp.vip/public/
[运行时间：0.448469s] [吞吐率：2.23req/s] [内存消耗：2,631.66kb] [文件加载：79]
[ info ] [ LANG ] D:\xampp\htdocs\thinkphp\lang\zh-cn.php
[ info ] [ LANG ] D:\xampp\htdocs\application\lang\zh-cn.php
[ info ] [ LANG ] D:\xampp\htdocs\application\index\\lang\zh-cn.php
[ info ] [ ROUTE ] array (
)
[ info ] [ HEADER ] array (
  'host' => '33319fi637.qicp.vip',
  'connection' => 'keep-alive',
  'upgrade-insecure-requests' => '1',
  'user-agent' => 'Mozilla/5.0 (Windows NT 10.0; Win64; x64) AppleWebKit/537.36 (KHTML, like Gecko) Chrome/83.0.4103.116 Safari/537.36',
  'accept' => 'text/html,application/xhtml+xml,application/xml;q=0.9,image/webp,image/apng,*/*;q=0.8,application/signed-exchange;v=b3;q=0.9',
  'referer' => 'http://33319fi637.qicp.vip/',
  'accept-encoding' => 'gzip, deflate',
  'accept-language' => 'zh-CN,zh;q=0.9',
)
[ info ] [ PARAM ] array (
)
[ info ] [ DB ] INIT mysql
[ error ] [1045]SQLSTATE[HY000] [1045] Access denied for user 'zj'@'localhost' (using password: YES)[D:\xampp\htdocs\thinkphp\library\think\db\Connection.php:528]
