---------------------------------------------------------------
[ 2020-07-15T14:59:01+08:00 ] ::1 GET localhost:81/public/
[运行时间：0.404261s] [吞吐率：2.47req/s] [内存消耗：2,632.44kb] [文件加载：79]
[ info ] [ LANG ] D:\xampp\htdocs\thinkphp\lang\zh-cn.php
[ info ] [ LANG ] D:\xampp\htdocs\application\lang\zh-cn.php
[ info ] [ LANG ] D:\xampp\htdocs\application\index\\lang\zh-cn.php
[ info ] [ ROUTE ] array (
)
[ info ] [ HEADER ] array (
  'host' => 'localhost:81',
  'connection' => 'keep-alive',
  'upgrade-insecure-requests' => '1',
  'user-agent' => 'Mozilla/5.0 (Windows NT 10.0; Win64; x64) AppleWebKit/537.36 (KHTML, like Gecko) Chrome/83.0.4103.116 Safari/537.36',
  'accept' => 'text/html,application/xhtml+xml,application/xml;q=0.9,image/webp,image/apng,*/*;q=0.8,application/signed-exchange;v=b3;q=0.9',
  'sec-fetch-site' => 'same-origin',
  'sec-fetch-mode' => 'navigate',
  'sec-fetch-user' => '?1',
  'sec-fetch-dest' => 'document',
  'referer' => 'http://localhost:81/',
  'accept-encoding' => 'gzip, deflate, br',
  'accept-language' => 'zh-CN,zh;q=0.9',
)
[ info ] [ PARAM ] array (
)
[ info ] [ DB ] INIT mysql
[ error ] [1045]SQLSTATE[HY000] [1045] Access denied for user 'zj'@'localhost' (using password: YES)[D:\xampp\htdocs\thinkphp\library\think\db\Connection.php:528]
